[2026-02-09--05-07-03 INFO actix_server::builder] starting 5 workers
[2026-02-09--05-07-03 INFO actix_server::server] Tokio runtime found; starting in existing Tokio runtime
[2026-02-09--05-07-03 INFO actix_server::server] starting service: "actix-web-service-127.0.0.1:18488", workers: 5, listening on: 127.0.0.1:18488
[2026-02-09--05-07-03 INFO parity_ws] Listening for new connections on 127.0.0.1:8900.
[2026-02-09--05-07-03 INFO txtx::svm::deploy_program] [Recovery Instructions] - An ephemeral authority account will be created and funded to write to the buffer account.
[2026-02-09--05-07-03 INFO txtx::svm::deploy_program] [Recovery Instructions] - Please save the following information in case the deployment fails and the account needs to be recovered:
[2026-02-09--05-07-03 INFO txtx::svm::deploy_program] [Recovery Instructions] - Ephemeral authority public key: 3e2HQsNaVasf7a9dVC34MCmd7TeUiKeJGDDjPV6yb1Ay
[2026-02-09--05-07-03 INFO txtx::svm::deploy_program] [Recovery Instructions] - Ephemeral authority secret key: [37, 142, 107, 107, 39, 168, 229, 116, 255, 29, 175, 193, 158, 74, 78, 206, 161, 75, 0, 74, 49, 30, 232, 212, 52, 74, 228, 195, 116, 6, 232, 146, 39, 51, 80, 126, 173, 208, 2, 129, 111, 152, 237, 79, 175, 113, 123, 20, 22, 129, 113, 184, 167, 98, 35, 51, 229, 198, 240, 22, 201, 49, 83, 50]
[2026-02-09--05-07-03 INFO txtx::svm::deploy_program] Account Created - Ephemeral authority account created and funded to write to buffer
[2026-02-09--05-07-03 INFO txtx::svm::deploy_program] [Recovery Instructions] - Creating program buffer account at pubkey CS6Jg79HDrc5ZB7H6oX4jWCWugA8oQ9VgtyXzVeCsY49
[2026-02-09--05-07-04 INFO txtx::svm::deploy_program] Account Created - Program buffer account created
[2026-02-09--05-07-04 INFO parity_ws::io] Accepted a new tcp connection from 127.0.0.1:60474.
[2026-02-09--05-07-05 INFO txtx::svm::deploy_program] Buffer Ready - Writing to buffer account is complete
[2026-02-09--05-07-06 INFO txtx::svm::deploy_program] Program Created - Program pNfihHVweHWNYyd8jQdFdjKshAtjg6Raoq7Q5JYyh1h has been deployed
[2026-02-09--05-07-07 INFO txtx::svm::deploy_program] Complete - Ephemeral authority account closed and leftover funds returned to payer
[2026-02-09--05-07-13 INFO actix_server::worker] shutting down idle worker
[2026-02-09--05-07-13 INFO actix_server::worker] shutting down idle worker
[2026-02-09--05-07-13 INFO actix_server::worker] shutting down idle worker
[2026-02-09--05-07-13 INFO actix_server::worker] shutting down idle worker
[2026-02-09--05-07-13 INFO actix_server::worker] shutting down idle worker
[2026-02-09--05-07-13 INFO actix_server::accept] accept thread stopped
